[2015.11.21-15.31.06:508][  0]Log file open, 11/21/15 17:31:06
[2015.11.21-15.31.06:508][  0]LogInit:Display: Running engine for game: AutumnJam2015
[2015.11.21-15.31.06:508][  0]LogInit:Display: RandInit(-1987494273) SRandInit(-1987494272).
[2015.11.21-15.31.06:508][  0]LogTaskGraph: Started task graph with 4 named threads and 7 total threads.
[2015.11.21-15.31.06:508][  0]LogStats: Stats thread started at 0.091751
[2015.11.21-15.31.06:508][  0]LogInit: Version: 4.9.2-2707645+++depot+UE4-Releases+4.9
[2015.11.21-15.31.06:508][  0]LogInit: API Version: 2672455
[2015.11.21-15.31.06:508][  0]LogInit: Compiled (64-bit): Sep 28 2015 10:25:44
[2015.11.21-15.31.06:508][  0]LogInit: Compiled with Visual C++: 18.00.21005.01
[2015.11.21-15.31.06:508][  0]LogInit: Build Configuration: Development
[2015.11.21-15.31.06:508][  0]LogInit: Branch Name: ++depot+UE4-Releases+4.9
[2015.11.21-15.31.06:508][  0]LogInit: Command line: 
[2015.11.21-15.31.06:508][  0]LogInit: Base directory: C:/Program Files/Unreal Engine/4.9/Engine/Binaries/Win64/
[2015.11.21-15.31.06:508][  0]LogInit: Rocket: 1
[2015.11.21-15.31.06:519][  0]LogInit: Using libcurl 7.41.0
[2015.11.21-15.31.06:519][  0]LogInit:  - built for x86_64-pc-win32
[2015.11.21-15.31.06:519][  0]LogInit:  - supports SSL with WinSSL
[2015.11.21-15.31.06:519][  0]LogInit:  - other features:
[2015.11.21-15.31.06:519][  0]LogInit:      CURL_VERSION_SSL
[2015.11.21-15.31.06:519][  0]LogInit:      CURL_VERSION_IPV6
[2015.11.21-15.31.06:519][  0]LogInit:      CURL_VERSION_ASYNCHDNS
[2015.11.21-15.31.06:519][  0]LogInit:      CURL_VERSION_LARGEFILE
[2015.11.21-15.31.06:519][  0]LogInit:      CURL_VERSION_IDN
[2015.11.21-15.31.06:519][  0]LogInit:  CurlRequestOptions (configurable via config and command line):
[2015.11.21-15.31.06:519][  0]LogInit:  - bVerifyPeer = true  - Libcurl will verify peer certificate
[2015.11.21-15.31.06:519][  0]LogInit:  - bUseHttpProxy = false  - Libcurl will NOT use HTTP proxy
[2015.11.21-15.31.06:519][  0]LogInit:  - bDontReuseConnections = false  - Libcurl will reuse connections
[2015.11.21-15.31.06:519][  0]LogInit:  - CertBundlePath = nullptr  - Libcurl will use whatever was configured at build time.
[2015.11.21-15.31.06:527][  0]LogInit: Presizing for 0 objects not considered by GC, pre-allocating 0 bytes.
[2015.11.21-15.31.06:535][  0]LogInit: Object subsystem initialized
[2015.11.21-15.31.06:536][  0]LogInit: Selected Device Profile: [Windows]
[2015.11.21-15.31.06:536][  0]LogInit: Applying CVar settings loaded from the selected device profile: [Windows]
[2015.11.21-15.31.06:546][  0]LogInit: Computer: AOTA1-1L151-08
[2015.11.21-15.31.06:546][  0]LogInit: User: EemeliSyy
[2015.11.21-15.31.06:546][  0]LogInit: CPU Page size=4096, Cores=4
[2015.11.21-15.31.06:546][  0]LogInit: High frequency timer resolution =2.728076 MHz
[2015.11.21-15.31.06:546][  0]LogMemory: Memory total: Physical=15.9GB (16GB approx)
[2015.11.21-15.31.06:547][  0]LogMemory: Platform Memory Stats for Windows
[2015.11.21-15.31.06:547][  0]LogMemory: Process Physical Memory: 55.05 MB used, 55.05 MB peak
[2015.11.21-15.31.06:547][  0]LogMemory: Process Virtual Memory: 57.04 MB used, 57.04 MB peak
[2015.11.21-15.31.06:547][  0]LogMemory: Physical Memory: 7656.14 MB used, 16291.31 MB total
[2015.11.21-15.31.06:547][  0]LogMemory: Virtual Memory: 338.70 MB used, 8388608.00 MB total
[2015.11.21-15.31.06:598][  0]LogTextLocalizationManager: No translations for ('fi-FI') exist, falling back to 'en' for localization and internationalization data.
[2015.11.21-15.31.07:547][  0]LogD3D11RHI: Found D3D11 adapter 0: NVIDIA Quadro K2200 (Feature Level 11_0)
[2015.11.21-15.31.07:547][  0]LogD3D11RHI: Adapter has 4035MB of dedicated video memory, 0MB of dedicated system memory, and 7889MB of shared system memory, 2 output[s]
[2015.11.21-15.31.07:547][  0]LogD3D11RHI: Chosen D3D11 Adapter Id = 0
[2015.11.21-15.31.07:552][  0]LogD3D11RHI: !Direct3DDevice
[2015.11.21-15.31.07:553][  0]LogRHI: Texture pool is 1361 MB (70% of 1945 MB)
[2015.11.21-15.31.07:563][  0]LogD3D11RHI: Async texture creation enabled
[2015.11.21-15.31.07:577][  0]LogShaderCompilers: Guid format shader working directory is 15 characters bigger than the processId version (../../../../../../Users/eemelisyy/Documents/Unreal Projects/AutumnGameJam-2015/Intermediate/Shaders/WorkingDirectory/5600/).
[2015.11.21-15.31.07:577][  0]LogShaderCompilers: Cleaned the shader compiler working directory '../../../../../../Users/eemelisyy/Documents/Unreal Projects/AutumnGameJam-2015/Intermediate/Shaders/tmp/639E9EC146A101D33D5823BA7F10E648/'.
[2015.11.21-15.31.07:577][  0]LogShaderCompilers:Display: Using Local Shader Compiler.
[2015.11.21-15.31.09:042][  0]LogTemp:Display: Loaded TP AllDesktopTargetPlatform
[2015.11.21-15.31.09:048][  0]LogTemp:Display: Loaded TP WindowsClientTargetPlatform
[2015.11.21-15.31.09:055][  0]LogTemp:Display: Loaded TP WindowsNoEditorTargetPlatform
[2015.11.21-15.31.09:062][  0]LogTemp:Display: Loaded TP WindowsServerTargetPlatform
[2015.11.21-15.31.09:068][  0]LogTemp:Display: Loaded TP WindowsTargetPlatform
[2015.11.21-15.31.09:072][  0]LogTemp:Display: Loaded TP AndroidTargetPlatform
[2015.11.21-15.31.09:077][  0]LogTemp:Display: Loaded TP Android_ASTCTargetPlatform
[2015.11.21-15.31.09:082][  0]LogTemp:Display: Loaded TP Android_ATCTargetPlatform
[2015.11.21-15.31.09:086][  0]LogTemp:Display: Loaded TP Android_DXTTargetPlatform
[2015.11.21-15.31.09:091][  0]LogTemp:Display: Loaded TP Android_ETC1TargetPlatform
[2015.11.21-15.31.09:095][  0]LogTemp:Display: Loaded TP Android_ETC2TargetPlatform
[2015.11.21-15.31.09:100][  0]LogTemp:Display: Loaded TP Android_PVRTCTargetPlatform
[2015.11.21-15.31.09:101][  0]LogTemp:Display: Loaded TP HTML5TargetPlatform
[2015.11.21-15.31.09:119][  0]LogTemp:Display: Loaded TP IOSTargetPlatform
[2015.11.21-15.31.09:123][  0]LogTemp:Display: Loaded TP LinuxNoEditorTargetPlatform
[2015.11.21-15.31.09:127][  0]LogTemp:Display: Loaded TP LinuxServerTargetPlatform
[2015.11.21-15.31.09:132][  0]LogTemp:Display: Loaded TP LinuxTargetPlatform
[2015.11.21-15.31.09:132][  0]LogTargetPlatformManager:Display: Building Assets For Windows
[2015.11.21-15.31.09:247][  0]LogDerivedDataCache:Display: Max Cache Size: 512 MB
[2015.11.21-15.31.09:298][  0]LogDerivedDataCache: Loaded boot cache 0.05s 41MB C:/Users/eemelisyy/AppData/Local/UnrealEngine/4.9/DerivedDataCache/Boot.ddc.
[2015.11.21-15.31.09:298][  0]LogDerivedDataCache:Display: Loaded Boot cache: C:/Users/eemelisyy/AppData/Local/UnrealEngine/4.9/DerivedDataCache/Boot.ddc
[2015.11.21-15.31.09:299][  0]LogDerivedDataCache: FDerivedDataBackendGraph:  Pak pak cache file ../../../../../../Users/eemelisyy/Documents/Unreal Projects/AutumnGameJam-2015/DerivedDataCache/DDC.ddp not found, will not use a pak cache.
[2015.11.21-15.31.09:299][  0]LogDerivedDataCache: Unable to find inner node Pak for hierarchical cache Hierarchy.
[2015.11.21-15.31.09:299][  0]LogDerivedDataCache: FDerivedDataBackendGraph:  CompressedPak pak cache file ../../../../../../Users/eemelisyy/Documents/Unreal Projects/AutumnGameJam-2015/DerivedDataCache/Compressed.ddp not found, will not use a pak cache.
[2015.11.21-15.31.09:299][  0]LogDerivedDataCache: Unable to find inner node CompressedPak for hierarchical cache Hierarchy.
[2015.11.21-15.31.09:471][  0]LogDerivedDataCache:Display: Pak cache opened for reading ../../../Engine/DerivedDataCache/Compressed.ddp.
[2015.11.21-15.31.09:483][  0]LogDerivedDataCache: Using Local data cache path C:/Users/eemelisyy/AppData/Local/UnrealEngine/Common/DerivedDataCache: Writable
[2015.11.21-15.31.09:716][  0]LogInit: Selected Device Profile: [Windows]
[2015.11.21-15.31.09:716][  0]LogContentStreaming: Texture pool size is 0.000000MB
[2015.11.21-15.31.09:751][  0]LogMeshUtilities: No automatic mesh reduction module available
[2015.11.21-15.31.09:751][  0]LogMeshUtilities: No automatic mesh merging module available
[2015.11.21-15.31.10:215][  0]LogInit: WinSock: version 1.1 (2.2), MaxSocks=32767, MaxUdp=65467
[2015.11.21-15.31.11:261][  0]UdpMessaging: Initializing bridge on interface 0.0.0.0:0 to multicast group 230.0.0.1:6666.
[2015.11.21-15.31.11:392][  0]LogAssetRegistry: FAssetRegistry took 0.0105 seconds to start up
[2015.11.21-15.31.11:628][  0]SourceControl: Info Source control is disabled
[2015.11.21-15.31.11:898][  0]LogLinker:Warning: Asset '../../../Engine/Plugins/Runtime/LeapMotionController/Content/LM_PassthroughMaterial.uasset' has been saved with empty engine version. The asset will be loaded but may be incompatible.
[2015.11.21-15.31.12:060][  0]LogObj: 28361 objects as part of root set at end of initial load.
[2015.11.21-15.31.12:060][  0]LogUObjectAllocator: 6038864 out of 0 bytes used by permanent object pool.
[2015.11.21-15.31.12:138][  0]LogEngine: Initializing Engine...
[2015.11.21-15.31.12:143][  0]LogHMD: Can't find Oculus library dev build: is proper Runtime installed? Version: 0.7.0.0
[2015.11.21-15.31.12:144][  0]LogHMD: SteamVR failed to initialize.  Err: 110
[2015.11.21-15.31.12:349][  0]LogAIModule: Creating AISystem for world NewWorld
[2015.11.21-15.31.12:354][  0]LogInit: XAudio2 using 'Speakers (Realtek High Definition Audio)' : 2 channels at 48 kHz using 32 bits per sample (channel mask 0x3)
[2015.11.21-15.31.12:392][  0]LogInit: FAudioDevice initialized.
[2015.11.21-15.31.12:420][  0]LogDerivedDataCache: Saved boot cache 0.03s 41MB C:/Users/eemelisyy/AppData/Local/UnrealEngine/4.9/DerivedDataCache/Boot.ddc.
[2015.11.21-15.31.12:427][  0]LogInit: Texture streaming: Enabled
[2015.11.21-15.31.12:434][  0]LogAnalytics: Creating configured Analytics provider AnalyticsET
[2015.11.21-15.31.12:434][  0]LogAnalytics: [UEEditor.Rocket.Release] APIServer = http://et2.epicgames.com/ET2/. AppVersion = 4.9.2-2707645+++depot+UE4-Releases+4.9
[2015.11.21-15.31.12:434][  0]LogAnalytics: [UEEditor.Rocket.Release] SetUserId 1948406f4c988630dacebb868385c297|e7c5155694e34236a800dc8a3a5ed50d|c69064c8-796b-451a-aad8-b77b294f1212
[2015.11.21-15.31.12:434][  0]LogAnalytics: [UEEditor.Rocket.Release] AnalyticsET::StartSession
[2015.11.21-15.31.12:460][  0]LogInit: Transaction tracking system initialized
[2015.11.21-15.31.12:503][  0]BlueprintLog: New page: Editor Load
[2015.11.21-15.31.12:609][  0]LocalizationService: Info Localization service is disabled
[2015.11.21-15.31.12:706][  0]LogConsoleResponse:Display: 
[2015.11.21-15.31.12:846][  0]LogCook:Display: Done creating registry. It took  0.00s.
[2015.11.21-15.31.12:930][  0]LogFileCache: Scanning file cache for directory 'C:/Users/eemelisyy/Documents/Unreal Projects/AutumnGameJam-2015/Content/' took 0.01s
[2015.11.21-15.31.12:930][  0]Cmd: MAP LOAD FILE="../../../../../../Users/eemelisyy/Documents/Unreal Projects/AutumnGameJam-2015/Content/VehicleAdvBP/Maps/VehicleAdvExampleMap.umap" TEMPLATE=0 SHOWPROGRESS=1 FEATURELEVEL=3
[2015.11.21-15.31.12:930][  0]LightingResults: New page: Lighting Build
[2015.11.21-15.31.12:936][  0]MapCheck: New page: Map Check
[2015.11.21-15.31.12:936][  0]LightingResults: New page: Lighting Build
[2015.11.21-15.31.12:947][  0]LogParticles: Destroying 0 GPU particle simulations for FXSystem 0x00000000238A2160
[2015.11.21-15.31.15:609][  0]LogAIModule: Creating AISystem for world VehicleAdvExampleMap
[2015.11.21-15.31.16:719][  0]LogEditorServer: Finished looking for orphan Actors (0.000 secs)
[2015.11.21-15.31.16:720][  0]Cmd: MAP CHECKDEP NOCLEARLOG
[2015.11.21-15.31.16:788][  0]MapCheck: Info Map check complete: 0 Error(s), 0 Warning(s), took 68.072ms to complete.
[2015.11.21-15.31.16:788][  0]LogFileHelpers: Loading map 'VehicleAdvExampleMap' took 3.859
[2015.11.21-15.31.16:941][  0]LogCollectionManager: Loaded 0 collections in 0.003077 seconds
[2015.11.21-15.31.16:975][  0]LogFileCache: Scanning file cache for directory 'C:/Users/eemelisyy/Documents/Unreal Projects/AutumnGameJam-2015/Saved/Collections/' took 0.01s
[2015.11.21-15.31.16:975][  0]LogFileCache: Scanning file cache for directory 'C:/Users/eemelisyy/Documents/Unreal Projects/AutumnGameJam-2015/Content/Developers/EemeliSyy/Collections/' took 0.00s
[2015.11.21-15.31.16:975][  0]LogFileCache: Scanning file cache for directory 'C:/Users/eemelisyy/Documents/Unreal Projects/AutumnGameJam-2015/Content/Collections/' took 0.01s
[2015.11.21-15.31.16:975][  0]LogContentBrowser: Native class hierarchy populated in 0.0090 seconds. Added 1867 classes and 333 folders.
[2015.11.21-15.31.16:993][  0]LogCollectionManager: Rebuilt the GUID cache for 0 collections in 0.000003 seconds
[2015.11.21-15.31.17:000][  0]LogContentBrowser: Native class hierarchy updated for 'WidgetCarousel' in 0.0008 seconds. Added 0 classes and 0 folders.
[2015.11.21-15.31.17:077][  0]LogContentBrowser: Native class hierarchy updated for 'AddContentDialog' in 0.0004 seconds. Added 0 classes and 0 folders.
[2015.11.21-15.31.17:082][  0]LogContentBrowser: Native class hierarchy updated for 'SceneOutliner' in 0.0004 seconds. Added 1 classes and 2 folders.
[2015.11.21-15.31.17:203][  0]LogCrashTracker: Crashtracker disabled due to settings.
[2015.11.21-15.31.17:207][  0]LogUObjectGlobals:Warning: Failed to find object 'Class None.'
[2015.11.21-15.31.17:228][  0]LogLoad: Full Startup: 11.38 seconds (BP compile: 0.06 seconds)
[2015.11.21-15.31.17:298][  0]LogContentStreaming: Texture pool size now 1000 MB
[2015.11.21-15.31.17:473][  0]LogRenderer: Reallocating scene render targets to support 1208x576 (Frame:2).
[2015.11.21-15.31.17:571][  1]Cmd: UpdateLandscapeEditorData -warnings
[2015.11.21-15.31.17:710][  4]LogAssetRegistry: Asset discovery search completed in 6.3285 seconds
[2015.11.21-15.31.17:710][  4]LogCollectionManager: Rebuilt the object cache for 0 collections in 0.000001 seconds (found 0 objects)
[2015.11.21-15.31.17:710][  4]LogCollectionManager: Fixed up redirectors for 0 collections in 0.000022 seconds (updated 0 objects)
[2015.11.21-15.31.45:509][762]LogEditorViewport: Clicking on Actor (LMB): Landscape (Landscape1)
[2015.11.21-15.31.46:299][802]LogEditorViewport: Clicking on Actor (LMB): Landscape (Landscape1)
[2015.11.21-15.31.49:078][964]LogEditorViewport: Clicking on Actor (LMB): Landscape (Landscape1)
[2015.11.21-15.32.05:752][ 74]LogEditorViewport: Clicking on Actor (LMB): BP_Sky_Sphere_C (SkyShereBlueprint)
[2015.11.21-15.32.05:976][ 74]LogTexture:Display: Building textures: Texture2D_2 (G8)
[2015.11.21-15.33.26:629][998]LogEditorViewport: Clicking on Actor (LMB): Landscape (Landscape1)
[2015.11.21-15.33.34:366][364]LogEditorViewport: Clicking on Actor (LMB): Landscape (Landscape1)
[2015.11.21-15.33.47:047][995]LogEditorViewport: Clicking on Actor (LMB): Landscape (Landscape1)
[2015.11.21-15.34.26:020][951]LogEditorViewport: Clicking on Actor (LMB): Landscape (Landscape1)
[2015.11.21-15.34.55:760][395]LogEditorViewport: Clicking on Actor (LMB): Landscape (Landscape1)
[2015.11.21-15.35.01:936][683]LogEditorViewport: Clicking on Actor (LMB): Landscape (Landscape1)
[2015.11.21-15.35.22:499][676]LogEditorViewport: Clicking on Actor (LMB): Landscape (Landscape1)
[2015.11.21-15.35.26:251][870]LogEditorViewport: Clicking on Actor (LMB): Landscape (Landscape1)
[2015.11.21-15.35.30:967][110]LogEditorViewport: Clicking on Actor (LMB): Landscape (Landscape1)
[2015.11.21-15.35.53:363][220]LogEditorViewport: Clicking on Actor (LMB): Landscape (Landscape1)
[2015.11.21-15.36.01:115][582]LogEditorViewport: Clicking on Actor (LMB): Landscape (Landscape1)
[2015.11.21-15.36.08:584][907]LogEditorViewport: Clicking on Actor (LMB): Landscape (Landscape1)
[2015.11.21-15.36.13:157][114]LogEditorViewport: Clicking on Actor (LMB): Landscape (Landscape1)
[2015.11.21-15.36.29:207][440]LogSavePackage: Save=9237.627930ms
[2015.11.21-15.36.29:207][440]LogSavePackage: Moving '../../../../../../Users/eemelisyy/Documents/Unreal Projects/AutumnGameJam-2015/Saved/VehicleAdvExampleMap2CFA476940C5943485AB5E82783C23E2.tmp' to '../../../../../../Users/eemelisyy/Documents/Unreal Projects/AutumnGameJam-2015/Content/VehicleAdvBP/Maps/VehicleAdvExampleMap.umap'
[2015.11.21-15.36.29:220][440]LogSavePackage: Total save time: 9320.462480ms
[2015.11.21-15.36.29:220][440]LogSavePackage:Warning: Finished SavePackage ../../../../../../Users/eemelisyy/Documents/Unreal Projects/AutumnGameJam-2015/Content/VehicleAdvBP/Maps/VehicleAdvExampleMap.umap
[2015.11.21-15.36.29:256][440]LogFileHelpers: Saving map 'VehicleAdvExampleMap' took 9.485
[2015.11.21-15.36.53:213][747]LogEditorViewport: Clicking on Actor (LMB): BP_Sky_Sphere_C (SkyShereBlueprint)
[2015.11.21-15.38.51:183][236]LogEditorViewport: Clicking on Actor (CTRL LMB): Landscape (Landscape1)
[2015.11.21-15.38.54:576][411]LogEditorViewport: Clicking on Actor (LMB): Landscape (Landscape1)
[2015.11.21-15.39.05:897][  5]LogEditorViewport: Clicking on Actor (LMB): Landscape (Landscape1)
[2015.11.21-15.39.30:771][188]LogEditorViewport: Clicking on Actor (context menu): Landscape (Landscape1)
[2015.11.21-15.40.11:940][161]LogEditorViewport: Clicking on Actor (LMB): Landscape (Landscape1)
[2015.11.21-15.40.16:167][362]Cmd: TRANSACTION UNDO
[2015.11.21-15.40.16:167][362]LogEditorTransaction: Undo Clicking on Actors
[2015.11.21-15.40.16:597][376]Cmd: TRANSACTION UNDO
[2015.11.21-15.40.16:597][376]LogEditorTransaction: Undo Modify Landscape Spline Control Point
[2015.11.21-15.40.16:600][376]LogPhysics:Warning: AddConvexElemsToRigidActor: ConvexElem is missing ConvexMesh (0: /Game/VehicleAdvBP/Maps/VehicleAdvExampleMap.VehicleAdvExampleMap:PersistentLevel.Landscape_1.SplineMeshComponent_2601.BodySetup_421)
[2015.11.21-15.40.16:600][376]LogPhysics:Warning: AddConvexElemsToRigidActor: ConvexElem is missing ConvexMesh (1: /Game/VehicleAdvBP/Maps/VehicleAdvExampleMap.VehicleAdvExampleMap:PersistentLevel.Landscape_1.SplineMeshComponent_2601.BodySetup_421)
[2015.11.21-15.40.16:600][376]LogPhysics:Warning: AddConvexElemsToRigidActor: ConvexElem is missing ConvexMesh (2: /Game/VehicleAdvBP/Maps/VehicleAdvExampleMap.VehicleAdvExampleMap:PersistentLevel.Landscape_1.SplineMeshComponent_2601.BodySetup_421)
[2015.11.21-15.40.16:600][376]LogPhysics:Warning: AddConvexElemsToRigidActor: ConvexElem is missing ConvexMesh (3: /Game/VehicleAdvBP/Maps/VehicleAdvExampleMap.VehicleAdvExampleMap:PersistentLevel.Landscape_1.SplineMeshComponent_2601.BodySetup_421)
[2015.11.21-15.40.16:611][376]LogPhysics:Warning: AddConvexElemsToRigidActor: ConvexElem is missing ConvexMesh (0: /Game/VehicleAdvBP/Maps/VehicleAdvExampleMap.VehicleAdvExampleMap:PersistentLevel.Landscape_1.SplineMeshComponent_2642.BodySetup_462)
[2015.11.21-15.40.16:612][376]LogPhysics:Warning: AddConvexElemsToRigidActor: ConvexElem is missing ConvexMesh (1: /Game/VehicleAdvBP/Maps/VehicleAdvExampleMap.VehicleAdvExampleMap:PersistentLevel.Landscape_1.SplineMeshComponent_2642.BodySetup_462)
[2015.11.21-15.40.16:612][376]LogPhysics:Warning: AddConvexElemsToRigidActor: ConvexElem is missing ConvexMesh (2: /Game/VehicleAdvBP/Maps/VehicleAdvExampleMap.VehicleAdvExampleMap:PersistentLevel.Landscape_1.SplineMeshComponent_2642.BodySetup_462)
[2015.11.21-15.40.16:612][376]LogPhysics:Warning: AddConvexElemsToRigidActor: ConvexElem is missing ConvexMesh (3: /Game/VehicleAdvBP/Maps/VehicleAdvExampleMap.VehicleAdvExampleMap:PersistentLevel.Landscape_1.SplineMeshComponent_2642.BodySetup_462)
[2015.11.21-15.40.16:616][376]LogPhysics:Warning: AddConvexElemsToRigidActor: ConvexElem is missing ConvexMesh (0: /Game/VehicleAdvBP/Maps/VehicleAdvExampleMap.VehicleAdvExampleMap:PersistentLevel.Landscape_1.SplineMeshComponent_2640.BodySetup_460)
[2015.11.21-15.40.16:616][376]LogPhysics:Warning: AddConvexElemsToRigidActor: ConvexElem is missing ConvexMesh (1: /Game/VehicleAdvBP/Maps/VehicleAdvExampleMap.VehicleAdvExampleMap:PersistentLevel.Landscape_1.SplineMeshComponent_2640.BodySetup_460)
[2015.11.21-15.40.16:616][376]LogPhysics:Warning: AddConvexElemsToRigidActor: ConvexElem is missing ConvexMesh (2: /Game/VehicleAdvBP/Maps/VehicleAdvExampleMap.VehicleAdvExampleMap:PersistentLevel.Landscape_1.SplineMeshComponent_2640.BodySetup_460)
[2015.11.21-15.40.16:616][376]LogPhysics:Warning: AddConvexElemsToRigidActor: ConvexElem is missing ConvexMesh (3: /Game/VehicleAdvBP/Maps/VehicleAdvExampleMap.VehicleAdvExampleMap:PersistentLevel.Landscape_1.SplineMeshComponent_2640.BodySetup_460)
[2015.11.21-15.40.17:638][412]Cmd: TRANSACTION UNDO
[2015.11.21-15.40.17:638][412]LogEditorTransaction: Undo Modify Landscape Spline Control Point
[2015.11.21-15.40.17:661][412]LogPhysics:Warning: AddConvexElemsToRigidActor: ConvexElem is missing ConvexMesh (0: /Game/VehicleAdvBP/Maps/VehicleAdvExampleMap.VehicleAdvExampleMap:PersistentLevel.Landscape_1.SplineMeshComponent_2642.BodySetup_462)
[2015.11.21-15.40.17:661][412]LogPhysics:Warning: AddConvexElemsToRigidActor: ConvexElem is missing ConvexMesh (1: /Game/VehicleAdvBP/Maps/VehicleAdvExampleMap.VehicleAdvExampleMap:PersistentLevel.Landscape_1.SplineMeshComponent_2642.BodySetup_462)
[2015.11.21-15.40.17:661][412]LogPhysics:Warning: AddConvexElemsToRigidActor: ConvexElem is missing ConvexMesh (2: /Game/VehicleAdvBP/Maps/VehicleAdvExampleMap.VehicleAdvExampleMap:PersistentLevel.Landscape_1.SplineMeshComponent_2642.BodySetup_462)
[2015.11.21-15.40.17:661][412]LogPhysics:Warning: AddConvexElemsToRigidActor: ConvexElem is missing ConvexMesh (3: /Game/VehicleAdvBP/Maps/VehicleAdvExampleMap.VehicleAdvExampleMap:PersistentLevel.Landscape_1.SplineMeshComponent_2642.BodySetup_462)
[2015.11.21-15.40.17:672][412]LogPhysics:Warning: AddConvexElemsToRigidActor: ConvexElem is missing ConvexMesh (0: /Game/VehicleAdvBP/Maps/VehicleAdvExampleMap.VehicleAdvExampleMap:PersistentLevel.Landscape_1.SplineMeshComponent_2601.BodySetup_421)
[2015.11.21-15.40.17:672][412]LogPhysics:Warning: AddConvexElemsToRigidActor: ConvexElem is missing ConvexMesh (1: /Game/VehicleAdvBP/Maps/VehicleAdvExampleMap.VehicleAdvExampleMap:PersistentLevel.Landscape_1.SplineMeshComponent_2601.BodySetup_421)
[2015.11.21-15.40.17:672][412]LogPhysics:Warning: AddConvexElemsToRigidActor: ConvexElem is missing ConvexMesh (2: /Game/VehicleAdvBP/Maps/VehicleAdvExampleMap.VehicleAdvExampleMap:PersistentLevel.Landscape_1.SplineMeshComponent_2601.BodySetup_421)
[2015.11.21-15.40.17:672][412]LogPhysics:Warning: AddConvexElemsToRigidActor: ConvexElem is missing ConvexMesh (3: /Game/VehicleAdvBP/Maps/VehicleAdvExampleMap.VehicleAdvExampleMap:PersistentLevel.Landscape_1.SplineMeshComponent_2601.BodySetup_421)
[2015.11.21-15.40.17:676][412]LogPhysics:Warning: AddConvexElemsToRigidActor: ConvexElem is missing ConvexMesh (0: /Game/VehicleAdvBP/Maps/VehicleAdvExampleMap.VehicleAdvExampleMap:PersistentLevel.Landscape_1.SplineMeshComponent_2636.BodySetup_456)
[2015.11.21-15.40.17:676][412]LogPhysics:Warning: AddConvexElemsToRigidActor: ConvexElem is missing ConvexMesh (1: /Game/VehicleAdvBP/Maps/VehicleAdvExampleMap.VehicleAdvExampleMap:PersistentLevel.Landscape_1.SplineMeshComponent_2636.BodySetup_456)
[2015.11.21-15.40.17:676][412]LogPhysics:Warning: AddConvexElemsToRigidActor: ConvexElem is missing ConvexMesh (2: /Game/VehicleAdvBP/Maps/VehicleAdvExampleMap.VehicleAdvExampleMap:PersistentLevel.Landscape_1.SplineMeshComponent_2636.BodySetup_456)
[2015.11.21-15.40.17:676][412]LogPhysics:Warning: AddConvexElemsToRigidActor: ConvexElem is missing ConvexMesh (3: /Game/VehicleAdvBP/Maps/VehicleAdvExampleMap.VehicleAdvExampleMap:PersistentLevel.Landscape_1.SplineMeshComponent_2636.BodySetup_456)
[2015.11.21-15.40.18:290][438]Cmd: TRANSACTION UNDO
[2015.11.21-15.40.18:290][438]LogEditorTransaction: Undo Modify Landscape Spline Control Point
[2015.11.21-15.40.18:576][439]Cmd: UpdateLandscapeEditorData
[2015.11.21-15.40.18:940][458]Cmd: TRANSACTION UNDO
[2015.11.21-15.40.18:940][458]LogEditorTransaction: Undo Modify Landscape Spline Control Point
[2015.11.21-15.40.18:967][458]LogPhysics:Warning: AddConvexElemsToRigidActor: ConvexElem is missing ConvexMesh (0: /Game/VehicleAdvBP/Maps/VehicleAdvExampleMap.VehicleAdvExampleMap:PersistentLevel.Landscape_1.SplineMeshComponent_2601.BodySetup_421)
[2015.11.21-15.40.18:967][458]LogPhysics:Warning: AddConvexElemsToRigidActor: ConvexElem is missing ConvexMesh (1: /Game/VehicleAdvBP/Maps/VehicleAdvExampleMap.VehicleAdvExampleMap:PersistentLevel.Landscape_1.SplineMeshComponent_2601.BodySetup_421)
[2015.11.21-15.40.18:967][458]LogPhysics:Warning: AddConvexElemsToRigidActor: ConvexElem is missing ConvexMesh (2: /Game/VehicleAdvBP/Maps/VehicleAdvExampleMap.VehicleAdvExampleMap:PersistentLevel.Landscape_1.SplineMeshComponent_2601.BodySetup_421)
[2015.11.21-15.40.18:967][458]LogPhysics:Warning: AddConvexElemsToRigidActor: ConvexElem is missing ConvexMesh (3: /Game/VehicleAdvBP/Maps/VehicleAdvExampleMap.VehicleAdvExampleMap:PersistentLevel.Landscape_1.SplineMeshComponent_2601.BodySetup_421)
[2015.11.21-15.40.18:971][458]LogPhysics:Warning: AddConvexElemsToRigidActor: ConvexElem is missing ConvexMesh (0: /Game/VehicleAdvBP/Maps/VehicleAdvExampleMap.VehicleAdvExampleMap:PersistentLevel.Landscape_1.SplineMeshComponent_2640.BodySetup_460)
[2015.11.21-15.40.18:972][458]LogPhysics:Warning: AddConvexElemsToRigidActor: ConvexElem is missing ConvexMesh (1: /Game/VehicleAdvBP/Maps/VehicleAdvExampleMap.VehicleAdvExampleMap:PersistentLevel.Landscape_1.SplineMeshComponent_2640.BodySetup_460)
[2015.11.21-15.40.18:972][458]LogPhysics:Warning: AddConvexElemsToRigidActor: ConvexElem is missing ConvexMesh (2: /Game/VehicleAdvBP/Maps/VehicleAdvExampleMap.VehicleAdvExampleMap:PersistentLevel.Landscape_1.SplineMeshComponent_2640.BodySetup_460)
[2015.11.21-15.40.18:972][458]LogPhysics:Warning: AddConvexElemsToRigidActor: ConvexElem is missing ConvexMesh (3: /Game/VehicleAdvBP/Maps/VehicleAdvExampleMap.VehicleAdvExampleMap:PersistentLevel.Landscape_1.SplineMeshComponent_2640.BodySetup_460)
[2015.11.21-15.40.19:581][483]Cmd: TRANSACTION UNDO
[2015.11.21-15.40.19:582][483]LogEditorTransaction: Undo Modify Landscape Spline Control Point
[2015.11.21-15.40.19:604][483]LogPhysics:Warning: AddConvexElemsToRigidActor: ConvexElem is missing ConvexMesh (0: /Game/VehicleAdvBP/Maps/VehicleAdvExampleMap.VehicleAdvExampleMap:PersistentLevel.Landscape_1.SplineMeshComponent_2636.BodySetup_456)
[2015.11.21-15.40.19:604][483]LogPhysics:Warning: AddConvexElemsToRigidActor: ConvexElem is missing ConvexMesh (1: /Game/VehicleAdvBP/Maps/VehicleAdvExampleMap.VehicleAdvExampleMap:PersistentLevel.Landscape_1.SplineMeshComponent_2636.BodySetup_456)
[2015.11.21-15.40.19:604][483]LogPhysics:Warning: AddConvexElemsToRigidActor: ConvexElem is missing ConvexMesh (2: /Game/VehicleAdvBP/Maps/VehicleAdvExampleMap.VehicleAdvExampleMap:PersistentLevel.Landscape_1.SplineMeshComponent_2636.BodySetup_456)
[2015.11.21-15.40.19:604][483]LogPhysics:Warning: AddConvexElemsToRigidActor: ConvexElem is missing ConvexMesh (3: /Game/VehicleAdvBP/Maps/VehicleAdvExampleMap.VehicleAdvExampleMap:PersistentLevel.Landscape_1.SplineMeshComponent_2636.BodySetup_456)
[2015.11.21-15.40.19:615][483]LogPhysics:Warning: AddConvexElemsToRigidActor: ConvexElem is missing ConvexMesh (0: /Game/VehicleAdvBP/Maps/VehicleAdvExampleMap.VehicleAdvExampleMap:PersistentLevel.Landscape_1.SplineMeshComponent_2640.BodySetup_460)
[2015.11.21-15.40.19:615][483]LogPhysics:Warning: AddConvexElemsToRigidActor: ConvexElem is missing ConvexMesh (1: /Game/VehicleAdvBP/Maps/VehicleAdvExampleMap.VehicleAdvExampleMap:PersistentLevel.Landscape_1.SplineMeshComponent_2640.BodySetup_460)
[2015.11.21-15.40.19:615][483]LogPhysics:Warning: AddConvexElemsToRigidActor: ConvexElem is missing ConvexMesh (2: /Game/VehicleAdvBP/Maps/VehicleAdvExampleMap.VehicleAdvExampleMap:PersistentLevel.Landscape_1.SplineMeshComponent_2640.BodySetup_460)
[2015.11.21-15.40.19:615][483]LogPhysics:Warning: AddConvexElemsToRigidActor: ConvexElem is missing ConvexMesh (3: /Game/VehicleAdvBP/Maps/VehicleAdvExampleMap.VehicleAdvExampleMap:PersistentLevel.Landscape_1.SplineMeshComponent_2640.BodySetup_460)
[2015.11.21-15.40.19:620][483]LogPhysics:Warning: AddConvexElemsToRigidActor: ConvexElem is missing ConvexMesh (0: /Game/VehicleAdvBP/Maps/VehicleAdvExampleMap.VehicleAdvExampleMap:PersistentLevel.Landscape_1.SplineMeshComponent_2604.BodySetup_424)
[2015.11.21-15.40.19:620][483]LogPhysics:Warning: AddConvexElemsToRigidActor: ConvexElem is missing ConvexMesh (1: /Game/VehicleAdvBP/Maps/VehicleAdvExampleMap.VehicleAdvExampleMap:PersistentLevel.Landscape_1.SplineMeshComponent_2604.BodySetup_424)
[2015.11.21-15.40.19:620][483]LogPhysics:Warning: AddConvexElemsToRigidActor: ConvexElem is missing ConvexMesh (2: /Game/VehicleAdvBP/Maps/VehicleAdvExampleMap.VehicleAdvExampleMap:PersistentLevel.Landscape_1.SplineMeshComponent_2604.BodySetup_424)
[2015.11.21-15.40.19:620][483]LogPhysics:Warning: AddConvexElemsToRigidActor: ConvexElem is missing ConvexMesh (3: /Game/VehicleAdvBP/Maps/VehicleAdvExampleMap.VehicleAdvExampleMap:PersistentLevel.Landscape_1.SplineMeshComponent_2604.BodySetup_424)
[2015.11.21-15.40.20:124][503]Cmd: TRANSACTION UNDO
[2015.11.21-15.40.20:124][503]LogEditorTransaction: Undo Modify Landscape Spline Control Point
[2015.11.21-15.40.20:332][504]Cmd: UpdateLandscapeEditorData
[2015.11.21-15.40.20:743][524]Cmd: TRANSACTION UNDO
[2015.11.21-15.40.20:743][524]LogEditorTransaction: Undo Modify Landscape Spline Control Point
[2015.11.21-15.40.20:767][524]LogPhysics:Warning: AddConvexElemsToRigidActor: ConvexElem is missing ConvexMesh (0: /Game/VehicleAdvBP/Maps/VehicleAdvExampleMap.VehicleAdvExampleMap:PersistentLevel.Landscape_1.SplineMeshComponent_2604.BodySetup_424)
[2015.11.21-15.40.20:767][524]LogPhysics:Warning: AddConvexElemsToRigidActor: ConvexElem is missing ConvexMesh (1: /Game/VehicleAdvBP/Maps/VehicleAdvExampleMap.VehicleAdvExampleMap:PersistentLevel.Landscape_1.SplineMeshComponent_2604.BodySetup_424)
[2015.11.21-15.40.20:767][524]LogPhysics:Warning: AddConvexElemsToRigidActor: ConvexElem is missing ConvexMesh (2: /Game/VehicleAdvBP/Maps/VehicleAdvExampleMap.VehicleAdvExampleMap:PersistentLevel.Landscape_1.SplineMeshComponent_2604.BodySetup_424)
[2015.11.21-15.40.20:767][524]LogPhysics:Warning: AddConvexElemsToRigidActor: ConvexElem is missing ConvexMesh (3: /Game/VehicleAdvBP/Maps/VehicleAdvExampleMap.VehicleAdvExampleMap:PersistentLevel.Landscape_1.SplineMeshComponent_2604.BodySetup_424)
[2015.11.21-15.40.20:777][524]LogPhysics:Warning: AddConvexElemsToRigidActor: ConvexElem is missing ConvexMesh (0: /Game/VehicleAdvBP/Maps/VehicleAdvExampleMap.VehicleAdvExampleMap:PersistentLevel.Landscape_1.SplineMeshComponent_2605.BodySetup_425)
[2015.11.21-15.40.20:777][524]LogPhysics:Warning: AddConvexElemsToRigidActor: ConvexElem is missing ConvexMesh (1: /Game/VehicleAdvBP/Maps/VehicleAdvExampleMap.VehicleAdvExampleMap:PersistentLevel.Landscape_1.SplineMeshComponent_2605.BodySetup_425)
[2015.11.21-15.40.20:777][524]LogPhysics:Warning: AddConvexElemsToRigidActor: ConvexElem is missing ConvexMesh (2: /Game/VehicleAdvBP/Maps/VehicleAdvExampleMap.VehicleAdvExampleMap:PersistentLevel.Landscape_1.SplineMeshComponent_2605.BodySetup_425)
[2015.11.21-15.40.20:777][524]LogPhysics:Warning: AddConvexElemsToRigidActor: ConvexElem is missing ConvexMesh (3: /Game/VehicleAdvBP/Maps/VehicleAdvExampleMap.VehicleAdvExampleMap:PersistentLevel.Landscape_1.SplineMeshComponent_2605.BodySetup_425)
[2015.11.21-15.40.20:781][524]LogPhysics:Warning: AddConvexElemsToRigidActor: ConvexElem is missing ConvexMesh (0: /Game/VehicleAdvBP/Maps/VehicleAdvExampleMap.VehicleAdvExampleMap:PersistentLevel.Landscape_1.SplineMeshComponent_2607.BodySetup_427)
[2015.11.21-15.40.20:781][524]LogPhysics:Warning: AddConvexElemsToRigidActor: ConvexElem is missing ConvexMesh (1: /Game/VehicleAdvBP/Maps/VehicleAdvExampleMap.VehicleAdvExampleMap:PersistentLevel.Landscape_1.SplineMeshComponent_2607.BodySetup_427)
[2015.11.21-15.40.20:781][524]LogPhysics:Warning: AddConvexElemsToRigidActor: ConvexElem is missing ConvexMesh (2: /Game/VehicleAdvBP/Maps/VehicleAdvExampleMap.VehicleAdvExampleMap:PersistentLevel.Landscape_1.SplineMeshComponent_2607.BodySetup_427)
[2015.11.21-15.40.20:781][524]LogPhysics:Warning: AddConvexElemsToRigidActor: ConvexElem is missing ConvexMesh (3: /Game/VehicleAdvBP/Maps/VehicleAdvExampleMap.VehicleAdvExampleMap:PersistentLevel.Landscape_1.SplineMeshComponent_2607.BodySetup_427)
[2015.11.21-15.40.21:460][553]Cmd: TRANSACTION UNDO
[2015.11.21-15.40.21:460][553]LogEditorTransaction: Undo Modify Landscape Spline Control Point
[2015.11.21-15.40.21:484][553]LogPhysics:Warning: AddConvexElemsToRigidActor: ConvexElem is missing ConvexMesh (0: /Game/VehicleAdvBP/Maps/VehicleAdvExampleMap.VehicleAdvExampleMap:PersistentLevel.Landscape_1.SplineMeshComponent_2637.BodySetup_457)
[2015.11.21-15.40.21:484][553]LogPhysics:Warning: AddConvexElemsToRigidActor: ConvexElem is missing ConvexMesh (1: /Game/VehicleAdvBP/Maps/VehicleAdvExampleMap.VehicleAdvExampleMap:PersistentLevel.Landscape_1.SplineMeshComponent_2637.BodySetup_457)
[2015.11.21-15.40.21:484][553]LogPhysics:Warning: AddConvexElemsToRigidActor: ConvexElem is missing ConvexMesh (2: /Game/VehicleAdvBP/Maps/VehicleAdvExampleMap.VehicleAdvExampleMap:PersistentLevel.Landscape_1.SplineMeshComponent_2637.BodySetup_457)
[2015.11.21-15.40.21:484][553]LogPhysics:Warning: AddConvexElemsToRigidActor: ConvexElem is missing ConvexMesh (3: /Game/VehicleAdvBP/Maps/VehicleAdvExampleMap.VehicleAdvExampleMap:PersistentLevel.Landscape_1.SplineMeshComponent_2637.BodySetup_457)
[2015.11.21-15.40.21:490][553]LogPhysics:Warning: AddConvexElemsToRigidActor: ConvexElem is missing ConvexMesh (0: /Game/VehicleAdvBP/Maps/VehicleAdvExampleMap.VehicleAdvExampleMap:PersistentLevel.Landscape_1.SplineMeshComponent_2601.BodySetup_421)
[2015.11.21-15.40.21:490][553]LogPhysics:Warning: AddConvexElemsToRigidActor: ConvexElem is missing ConvexMesh (1: /Game/VehicleAdvBP/Maps/VehicleAdvExampleMap.VehicleAdvExampleMap:PersistentLevel.Landscape_1.SplineMeshComponent_2601.BodySetup_421)
[2015.11.21-15.40.21:490][553]LogPhysics:Warning: AddConvexElemsToRigidActor: ConvexElem is missing ConvexMesh (2: /Game/VehicleAdvBP/Maps/VehicleAdvExampleMap.VehicleAdvExampleMap:PersistentLevel.Landscape_1.SplineMeshComponent_2601.BodySetup_421)
[2015.11.21-15.40.21:490][553]LogPhysics:Warning: AddConvexElemsToRigidActor: ConvexElem is missing ConvexMesh (3: /Game/VehicleAdvBP/Maps/VehicleAdvExampleMap.VehicleAdvExampleMap:PersistentLevel.Landscape_1.SplineMeshComponent_2601.BodySetup_421)
[2015.11.21-15.40.22:310][589]Cmd: TRANSACTION UNDO
[2015.11.21-15.40.22:310][589]LogEditorTransaction: Undo Modify Landscape Spline Control Point
[2015.11.21-15.40.22:523][590]Cmd: UpdateLandscapeEditorData
[2015.11.21-15.40.22:953][611]Cmd: TRANSACTION UNDO
[2015.11.21-15.40.22:953][611]LogEditorTransaction: Undo Modify Landscape Spline Control Point
[2015.11.21-15.40.23:155][612]Cmd: UpdateLandscapeEditorData
[2015.11.21-15.40.27:225][814]Cmd: TRANSACTION UNDO
[2015.11.21-15.40.27:225][814]LogEditorTransaction: Undo Modify Landscape Spline Control Point
[2015.11.21-15.40.27:255][814]LogPhysics:Warning: AddConvexElemsToRigidActor: ConvexElem is missing ConvexMesh (0: /Game/VehicleAdvBP/Maps/VehicleAdvExampleMap.VehicleAdvExampleMap:PersistentLevel.Landscape_1.SplineMeshComponent_2601.BodySetup_421)
[2015.11.21-15.40.27:255][814]LogPhysics:Warning: AddConvexElemsToRigidActor: ConvexElem is missing ConvexMesh (1: /Game/VehicleAdvBP/Maps/VehicleAdvExampleMap.VehicleAdvExampleMap:PersistentLevel.Landscape_1.SplineMeshComponent_2601.BodySetup_421)
[2015.11.21-15.40.27:255][814]LogPhysics:Warning: AddConvexElemsToRigidActor: ConvexElem is missing ConvexMesh (2: /Game/VehicleAdvBP/Maps/VehicleAdvExampleMap.VehicleAdvExampleMap:PersistentLevel.Landscape_1.SplineMeshComponent_2601.BodySetup_421)
[2015.11.21-15.40.27:255][814]LogPhysics:Warning: AddConvexElemsToRigidActor: ConvexElem is missing ConvexMesh (3: /Game/VehicleAdvBP/Maps/VehicleAdvExampleMap.VehicleAdvExampleMap:PersistentLevel.Landscape_1.SplineMeshComponent_2601.BodySetup_421)
[2015.11.21-15.40.27:265][814]LogPhysics:Warning: AddConvexElemsToRigidActor: ConvexElem is missing ConvexMesh (0: /Game/VehicleAdvBP/Maps/VehicleAdvExampleMap.VehicleAdvExampleMap:PersistentLevel.Landscape_1.SplineMeshComponent_2636.BodySetup_456)
[2015.11.21-15.40.27:265][814]LogPhysics:Warning: AddConvexElemsToRigidActor: ConvexElem is missing ConvexMesh (1: /Game/VehicleAdvBP/Maps/VehicleAdvExampleMap.VehicleAdvExampleMap:PersistentLevel.Landscape_1.SplineMeshComponent_2636.BodySetup_456)
[2015.11.21-15.40.27:265][814]LogPhysics:Warning: AddConvexElemsToRigidActor: ConvexElem is missing ConvexMesh (2: /Game/VehicleAdvBP/Maps/VehicleAdvExampleMap.VehicleAdvExampleMap:PersistentLevel.Landscape_1.SplineMeshComponent_2636.BodySetup_456)
[2015.11.21-15.40.27:265][814]LogPhysics:Warning: AddConvexElemsToRigidActor: ConvexElem is missing ConvexMesh (3: /Game/VehicleAdvBP/Maps/VehicleAdvExampleMap.VehicleAdvExampleMap:PersistentLevel.Landscape_1.SplineMeshComponent_2636.BodySetup_456)
[2015.11.21-15.40.27:955][835]Cmd: TRANSACTION UNDO
[2015.11.21-15.40.27:955][835]LogEditorTransaction: Undo Modify Landscape Spline Control Point
[2015.11.21-15.40.28:157][836]Cmd: UpdateLandscapeEditorData
[2015.11.21-15.40.31:805][ 18]Cmd: TRANSACTION UNDO
[2015.11.21-15.40.31:805][ 18]LogEditorTransaction: Undo Modify Landscape Spline Control Point
[2015.11.21-15.40.32:031][ 19]Cmd: UpdateLandscapeEditorData
[2015.11.21-15.40.44:124][572]LogEditorViewport: Clicking on Actor (LMB): Landscape (Landscape1)
[2015.11.21-15.41.06:088][567]LogEditorViewport: Clicking on Actor (LMB): Landscape (Landscape1)
[2015.11.21-15.41.20:803][267]Cmd: DELETE
[2015.11.21-15.41.20:803][267]Cmd: ACTOR DELETE
[2015.11.21-15.41.24:309][295]LogEditorViewport: Clicking on Actor (LMB): Landscape (Landscape1)
[2015.11.21-15.41.31:782][641]LogEditorViewport: Clicking on Actor (LMB): Landscape (Landscape1)
[2015.11.21-15.41.36:935][878]LogEditorViewport: Clicking on Actor (LMB): Landscape (Landscape1)
[2015.11.21-15.41.50:021][539]Cmd: TRANSACTION UNDO
[2015.11.21-15.41.50:021][539]LogEditorTransaction: Undo Clicking on Actors
[2015.11.21-15.41.50:447][548]Cmd: TRANSACTION UNDO
[2015.11.21-15.41.50:447][548]LogEditorTransaction: Undo Modify Landscape Spline Control Point
[2015.11.21-15.41.50:616][548]LogPhysics:Warning: AddConvexElemsToRigidActor: ConvexElem is missing ConvexMesh (0: /Game/VehicleAdvBP/Maps/VehicleAdvExampleMap.VehicleAdvExampleMap:PersistentLevel.Landscape_1.SplineMeshComponent_2645.BodySetup_465)
[2015.11.21-15.41.50:616][548]LogPhysics:Warning: AddConvexElemsToRigidActor: ConvexElem is missing ConvexMesh (1: /Game/VehicleAdvBP/Maps/VehicleAdvExampleMap.VehicleAdvExampleMap:PersistentLevel.Landscape_1.SplineMeshComponent_2645.BodySetup_465)
[2015.11.21-15.41.50:617][548]LogPhysics:Warning: AddConvexElemsToRigidActor: ConvexElem is missing ConvexMesh (2: /Game/VehicleAdvBP/Maps/VehicleAdvExampleMap.VehicleAdvExampleMap:PersistentLevel.Landscape_1.SplineMeshComponent_2645.BodySetup_465)
[2015.11.21-15.41.50:617][548]LogPhysics:Warning: AddConvexElemsToRigidActor: ConvexElem is missing ConvexMesh (3: /Game/VehicleAdvBP/Maps/VehicleAdvExampleMap.VehicleAdvExampleMap:PersistentLevel.Landscape_1.SplineMeshComponent_2645.BodySetup_465)
[2015.11.21-15.41.50:733][549]Cmd: UpdateLandscapeEditorData
[2015.11.21-15.41.50:766][549]Cmd: TRANSACTION UNDO
[2015.11.21-15.41.50:766][549]LogEditorTransaction: Undo Modify Landscape Spline Control Point
[2015.11.21-15.41.50:771][549]LogPhysics:Warning: AddConvexElemsToRigidActor: ConvexElem is missing ConvexMesh (0: /Game/VehicleAdvBP/Maps/VehicleAdvExampleMap.VehicleAdvExampleMap:PersistentLevel.Landscape_1.SplineMeshComponent_2601.BodySetup_421)
[2015.11.21-15.41.50:771][549]LogPhysics:Warning: AddConvexElemsToRigidActor: ConvexElem is missing ConvexMesh (1: /Game/VehicleAdvBP/Maps/VehicleAdvExampleMap.VehicleAdvExampleMap:PersistentLevel.Landscape_1.SplineMeshComponent_2601.BodySetup_421)
[2015.11.21-15.41.50:771][549]LogPhysics:Warning: AddConvexElemsToRigidActor: ConvexElem is missing ConvexMesh (2: /Game/VehicleAdvBP/Maps/VehicleAdvExampleMap.VehicleAdvExampleMap:PersistentLevel.Landscape_1.SplineMeshComponent_2601.BodySetup_421)
[2015.11.21-15.41.50:771][549]LogPhysics:Warning: AddConvexElemsToRigidActor: ConvexElem is missing ConvexMesh (3: /Game/VehicleAdvBP/Maps/VehicleAdvExampleMap.VehicleAdvExampleMap:PersistentLevel.Landscape_1.SplineMeshComponent_2601.BodySetup_421)
[2015.11.21-15.41.50:796][549]LogPhysics:Warning: AddConvexElemsToRigidActor: ConvexElem is missing ConvexMesh (0: /Game/VehicleAdvBP/Maps/VehicleAdvExampleMap.VehicleAdvExampleMap:PersistentLevel.Landscape_1.SplineMeshComponent_2645.BodySetup_465)
[2015.11.21-15.41.50:796][549]LogPhysics:Warning: AddConvexElemsToRigidActor: ConvexElem is missing ConvexMesh (1: /Game/VehicleAdvBP/Maps/VehicleAdvExampleMap.VehicleAdvExampleMap:PersistentLevel.Landscape_1.SplineMeshComponent_2645.BodySetup_465)
[2015.11.21-15.41.50:796][549]LogPhysics:Warning: AddConvexElemsToRigidActor: ConvexElem is missing ConvexMesh (2: /Game/VehicleAdvBP/Maps/VehicleAdvExampleMap.VehicleAdvExampleMap:PersistentLevel.Landscape_1.SplineMeshComponent_2645.BodySetup_465)
[2015.11.21-15.41.50:796][549]LogPhysics:Warning: AddConvexElemsToRigidActor: ConvexElem is missing ConvexMesh (3: /Game/VehicleAdvBP/Maps/VehicleAdvExampleMap.VehicleAdvExampleMap:PersistentLevel.Landscape_1.SplineMeshComponent_2645.BodySetup_465)
[2015.11.21-15.41.50:801][549]LogPhysics:Warning: AddConvexElemsToRigidActor: ConvexElem is missing ConvexMesh (0: /Game/VehicleAdvBP/Maps/VehicleAdvExampleMap.VehicleAdvExampleMap:PersistentLevel.Landscape_1.SplineMeshComponent_2649.BodySetup_469)
[2015.11.21-15.41.50:801][549]LogPhysics:Warning: AddConvexElemsToRigidActor: ConvexElem is missing ConvexMesh (1: /Game/VehicleAdvBP/Maps/VehicleAdvExampleMap.VehicleAdvExampleMap:PersistentLevel.Landscape_1.SplineMeshComponent_2649.BodySetup_469)
[2015.11.21-15.41.50:801][549]LogPhysics:Warning: AddConvexElemsToRigidActor: ConvexElem is missing ConvexMesh (2: /Game/VehicleAdvBP/Maps/VehicleAdvExampleMap.VehicleAdvExampleMap:PersistentLevel.Landscape_1.SplineMeshComponent_2649.BodySetup_469)
[2015.11.21-15.41.50:801][549]LogPhysics:Warning: AddConvexElemsToRigidActor: ConvexElem is missing ConvexMesh (3: /Game/VehicleAdvBP/Maps/VehicleAdvExampleMap.VehicleAdvExampleMap:PersistentLevel.Landscape_1.SplineMeshComponent_2649.BodySetup_469)
[2015.11.21-15.41.51:046][550]Cmd: TRANSACTION UNDO
[2015.11.21-15.41.51:046][550]LogEditorTransaction: Undo Clicking on Actors
[2015.11.21-15.41.51:170][555]Cmd: TRANSACTION UNDO
[2015.11.21-15.41.51:171][555]LogEditorTransaction: Undo Modify Landscape Spline Control Point
[2015.11.21-15.41.51:193][555]LogPhysics:Warning: AddConvexElemsToRigidActor: ConvexElem is missing ConvexMesh (0: /Game/VehicleAdvBP/Maps/VehicleAdvExampleMap.VehicleAdvExampleMap:PersistentLevel.Landscape_1.SplineMeshComponent_2646.BodySetup_466)
[2015.11.21-15.41.51:193][555]LogPhysics:Warning: AddConvexElemsToRigidActor: ConvexElem is missing ConvexMesh (1: /Game/VehicleAdvBP/Maps/VehicleAdvExampleMap.VehicleAdvExampleMap:PersistentLevel.Landscape_1.SplineMeshComponent_2646.BodySetup_466)
[2015.11.21-15.41.51:193][555]LogPhysics:Warning: AddConvexElemsToRigidActor: ConvexElem is missing ConvexMesh (2: /Game/VehicleAdvBP/Maps/VehicleAdvExampleMap.VehicleAdvExampleMap:PersistentLevel.Landscape_1.SplineMeshComponent_2646.BodySetup_466)
[2015.11.21-15.41.51:193][555]LogPhysics:Warning: AddConvexElemsToRigidActor: ConvexElem is missing ConvexMesh (3: /Game/VehicleAdvBP/Maps/VehicleAdvExampleMap.VehicleAdvExampleMap:PersistentLevel.Landscape_1.SplineMeshComponent_2646.BodySetup_466)
[2015.11.21-15.41.51:203][555]LogPhysics:Warning: AddConvexElemsToRigidActor: ConvexElem is missing ConvexMesh (0: /Game/VehicleAdvBP/Maps/VehicleAdvExampleMap.VehicleAdvExampleMap:PersistentLevel.Landscape_1.SplineMeshComponent_2607.BodySetup_427)
[2015.11.21-15.41.51:203][555]LogPhysics:Warning: AddConvexElemsToRigidActor: ConvexElem is missing ConvexMesh (1: /Game/VehicleAdvBP/Maps/VehicleAdvExampleMap.VehicleAdvExampleMap:PersistentLevel.Landscape_1.SplineMeshComponent_2607.BodySetup_427)
[2015.11.21-15.41.51:203][555]LogPhysics:Warning: AddConvexElemsToRigidActor: ConvexElem is missing ConvexMesh (2: /Game/VehicleAdvBP/Maps/VehicleAdvExampleMap.VehicleAdvExampleMap:PersistentLevel.Landscape_1.SplineMeshComponent_2607.BodySetup_427)
[2015.11.21-15.41.51:203][555]LogPhysics:Warning: AddConvexElemsToRigidActor: ConvexElem is missing ConvexMesh (3: /Game/VehicleAdvBP/Maps/VehicleAdvExampleMap.VehicleAdvExampleMap:PersistentLevel.Landscape_1.SplineMeshComponent_2607.BodySetup_427)
[2015.11.21-15.41.51:208][555]LogPhysics:Warning: AddConvexElemsToRigidActor: ConvexElem is missing ConvexMesh (0: /Game/VehicleAdvBP/Maps/VehicleAdvExampleMap.VehicleAdvExampleMap:PersistentLevel.Landscape_1.SplineMeshComponent_2608.BodySetup_428)
[2015.11.21-15.41.51:208][555]LogPhysics:Warning: AddConvexElemsToRigidActor: ConvexElem is missing ConvexMesh (1: /Game/VehicleAdvBP/Maps/VehicleAdvExampleMap.VehicleAdvExampleMap:PersistentLevel.Landscape_1.SplineMeshComponent_2608.BodySetup_428)
[2015.11.21-15.41.51:208][555]LogPhysics:Warning: AddConvexElemsToRigidActor: ConvexElem is missing ConvexMesh (2: /Game/VehicleAdvBP/Maps/VehicleAdvExampleMap.VehicleAdvExampleMap:PersistentLevel.Landscape_1.SplineMeshComponent_2608.BodySetup_428)
[2015.11.21-15.41.51:208][555]LogPhysics:Warning: AddConvexElemsToRigidActor: ConvexElem is missing ConvexMesh (3: /Game/VehicleAdvBP/Maps/VehicleAdvExampleMap.VehicleAdvExampleMap:PersistentLevel.Landscape_1.SplineMeshComponent_2608.BodySetup_428)
[2015.11.21-15.41.57:237][864]Cmd: DELETE
[2015.11.21-15.41.57:237][864]Cmd: ACTOR DELETE
[2015.11.21-15.42.06:860][229]Cmd: DELETE
[2015.11.21-15.42.06:860][229]Cmd: ACTOR DELETE
[2015.11.21-15.42.09:063][295]Cmd: DELETE
[2015.11.21-15.42.09:063][295]Cmd: ACTOR DELETE
[2015.11.21-15.42.09:691][325]Cmd: DELETE
[2015.11.21-15.42.09:691][325]Cmd: ACTOR DELETE
[2015.11.21-15.42.10:669][369]Cmd: DELETE
[2015.11.21-15.42.10:669][369]Cmd: ACTOR DELETE
[2015.11.21-15.42.11:416][405]Cmd: DELETE
[2015.11.21-15.42.11:416][405]Cmd: ACTOR DELETE
[2015.11.21-15.42.12:315][449]Cmd: DELETE
[2015.11.21-15.42.12:315][449]Cmd: ACTOR DELETE
[2015.11.21-15.42.12:930][478]Cmd: DELETE
[2015.11.21-15.42.12:930][478]Cmd: ACTOR DELETE
[2015.11.21-15.42.13:746][518]Cmd: DELETE
[2015.11.21-15.42.13:746][518]Cmd: ACTOR DELETE
[2015.11.21-15.42.14:209][539]Cmd: DELETE
[2015.11.21-15.42.14:209][539]Cmd: ACTOR DELETE
[2015.11.21-15.42.15:665][611]Cmd: DELETE
[2015.11.21-15.42.15:665][611]Cmd: ACTOR DELETE
[2015.11.21-15.42.16:468][650]Cmd: DELETE
[2015.11.21-15.42.16:468][650]Cmd: ACTOR DELETE
[2015.11.21-15.42.17:096][680]Cmd: DELETE
[2015.11.21-15.42.17:096][680]Cmd: ACTOR DELETE
[2015.11.21-15.42.17:729][710]Cmd: DELETE
[2015.11.21-15.42.17:729][710]Cmd: ACTOR DELETE
[2015.11.21-15.42.18:322][738]Cmd: DELETE
[2015.11.21-15.42.18:323][738]Cmd: ACTOR DELETE
[2015.11.21-15.42.18:711][758]LogEditorViewport: Clicking on Actor (LMB): Landscape (Landscape1)
[2015.11.21-15.42.19:372][791]LogEditorViewport: Clicking on Actor (LMB): Landscape (Landscape1)
[2015.11.21-15.42.21:975][906]LogEditorViewport: Clicking on Actor (LMB): Landscape (Landscape1)
[2015.11.21-15.42.22:313][918]LogEditorViewport: Clicking on Actor (LMB): Landscape (Landscape1)
[2015.11.21-15.42.22:432][920]LogEditorViewport: Clicking on Actor (double click): Landscape (Landscape1)
[2015.11.21-15.42.25:244][ 44]Cmd: DELETE
[2015.11.21-15.42.25:244][ 44]Cmd: ACTOR DELETE
[2015.11.21-15.42.25:843][ 70]Cmd: DELETE
[2015.11.21-15.42.25:843][ 70]Cmd: ACTOR DELETE
[2015.11.21-15.42.26:683][108]Cmd: DELETE
[2015.11.21-15.42.26:683][108]Cmd: ACTOR DELETE
[2015.11.21-15.42.27:350][137]Cmd: DELETE
[2015.11.21-15.42.27:350][137]Cmd: ACTOR DELETE
[2015.11.21-15.42.27:884][160]Cmd: DELETE
[2015.11.21-15.42.27:884][160]Cmd: ACTOR DELETE
[2015.11.21-15.42.28:400][183]Cmd: DELETE
[2015.11.21-15.42.28:400][183]Cmd: ACTOR DELETE
[2015.11.21-15.42.29:137][219]LogEditorViewport: Clicking on Actor (LMB): Landscape (Landscape1)
[2015.11.21-15.42.29:301][223]LogEditorViewport: Clicking on Actor (double click): Landscape (Landscape1)
[2015.11.21-15.42.34:191][449]Cmd: DELETE
[2015.11.21-15.42.34:191][449]Cmd: ACTOR DELETE
[2015.11.21-15.42.34:779][476]Cmd: DELETE
[2015.11.21-15.42.34:779][476]Cmd: ACTOR DELETE
[2015.11.21-15.42.35:314][500]Cmd: DELETE
[2015.11.21-15.42.35:314][500]Cmd: ACTOR DELETE
[2015.11.21-15.42.35:956][529]Cmd: DELETE
[2015.11.21-15.42.35:956][529]Cmd: ACTOR DELETE
[2015.11.21-15.42.36:741][566]Cmd: DELETE
[2015.11.21-15.42.36:741][566]Cmd: ACTOR DELETE
[2015.11.21-15.42.37:458][600]Cmd: DELETE
[2015.11.21-15.42.37:458][600]Cmd: ACTOR DELETE
[2015.11.21-15.42.38:004][624]Cmd: DELETE
[2015.11.21-15.42.38:004][624]Cmd: ACTOR DELETE
[2015.11.21-15.42.38:665][655]Cmd: DELETE
[2015.11.21-15.42.38:665][655]Cmd: ACTOR DELETE
[2015.11.21-15.42.39:250][682]Cmd: DELETE
[2015.11.21-15.42.39:250][682]Cmd: ACTOR DELETE
[2015.11.21-15.42.39:852][710]Cmd: DELETE
[2015.11.21-15.42.39:852][710]Cmd: ACTOR DELETE
[2015.11.21-15.42.41:732][801]Cmd: DELETE
[2015.11.21-15.42.41:732][801]Cmd: ACTOR DELETE
[2015.11.21-15.42.42:369][830]Cmd: DELETE
[2015.11.21-15.42.42:369][830]Cmd: ACTOR DELETE
[2015.11.21-15.42.42:991][858]Cmd: DELETE
[2015.11.21-15.42.42:991][858]Cmd: ACTOR DELETE
[2015.11.21-15.42.43:750][893]Cmd: DELETE
[2015.11.21-15.42.43:750][893]Cmd: ACTOR DELETE
[2015.11.21-15.42.45:089][953]Cmd: DELETE
[2015.11.21-15.42.45:089][953]Cmd: ACTOR DELETE
[2015.11.21-15.42.45:854][986]Cmd: DELETE
[2015.11.21-15.42.45:854][986]Cmd: ACTOR DELETE
[2015.11.21-15.42.46:681][ 22]Cmd: DELETE
[2015.11.21-15.42.46:681][ 22]Cmd: ACTOR DELETE
[2015.11.21-15.42.47:440][ 55]Cmd: DELETE
[2015.11.21-15.42.47:440][ 55]Cmd: ACTOR DELETE
[2015.11.21-15.42.48:138][ 85]Cmd: DELETE
[2015.11.21-15.42.48:138][ 85]Cmd: ACTOR DELETE
[2015.11.21-15.42.48:873][117]Cmd: DELETE
[2015.11.21-15.42.48:873][117]Cmd: ACTOR DELETE
[2015.11.21-15.42.56:988][510]Cmd: DELETE
[2015.11.21-15.42.56:988][510]Cmd: ACTOR DELETE
[2015.11.21-15.42.57:712][545]Cmd: DELETE
[2015.11.21-15.42.57:712][545]Cmd: ACTOR DELETE
[2015.11.21-15.43.01:953][758]LogEditorViewport: Clicking on Actor (CTRL LMB): Landscape (Landscape1)
[2015.11.21-15.43.24:104][880]LogEditorViewport: Clicking on Actor (LMB): Landscape (Landscape1)
[2015.11.21-15.43.31:528][246]Cmd: TRANSACTION UNDO
[2015.11.21-15.43.31:528][246]LogEditorTransaction: Undo Add Landscape Spline Control Point
[2015.11.21-15.43.35:078][428]Cmd: TRANSACTION UNDO
[2015.11.21-15.43.35:078][428]LogEditorTransaction: Undo Add Landscape Spline Control Point
[2015.11.21-15.43.35:285][428]LogPhysics:Warning: AddConvexElemsToRigidActor: ConvexElem is missing ConvexMesh (0: /Game/VehicleAdvBP/Maps/VehicleAdvExampleMap.VehicleAdvExampleMap:PersistentLevel.Landscape_1.SplineMeshComponent_2654.BodySetup_474)
[2015.11.21-15.43.35:285][428]LogPhysics:Warning: AddConvexElemsToRigidActor: ConvexElem is missing ConvexMesh (1: /Game/VehicleAdvBP/Maps/VehicleAdvExampleMap.VehicleAdvExampleMap:PersistentLevel.Landscape_1.SplineMeshComponent_2654.BodySetup_474)
[2015.11.21-15.43.35:285][428]LogPhysics:Warning: AddConvexElemsToRigidActor: ConvexElem is missing ConvexMesh (2: /Game/VehicleAdvBP/Maps/VehicleAdvExampleMap.VehicleAdvExampleMap:PersistentLevel.Landscape_1.SplineMeshComponent_2654.BodySetup_474)
[2015.11.21-15.43.35:285][428]LogPhysics:Warning: AddConvexElemsToRigidActor: ConvexElem is missing ConvexMesh (3: /Game/VehicleAdvBP/Maps/VehicleAdvExampleMap.VehicleAdvExampleMap:PersistentLevel.Landscape_1.SplineMeshComponent_2654.BodySetup_474)
[2015.11.21-15.43.35:285][428]LogPhysics:Warning: AddConvexElemsToRigidActor: ConvexElem is missing ConvexMesh (0: /Game/VehicleAdvBP/Maps/VehicleAdvExampleMap.VehicleAdvExampleMap:PersistentLevel.Landscape_1.SplineMeshComponent_2655.BodySetup_475)
[2015.11.21-15.43.35:285][428]LogPhysics:Warning: AddConvexElemsToRigidActor: ConvexElem is missing ConvexMesh (1: /Game/VehicleAdvBP/Maps/VehicleAdvExampleMap.VehicleAdvExampleMap:PersistentLevel.Landscape_1.SplineMeshComponent_2655.BodySetup_475)
[2015.11.21-15.43.35:285][428]LogPhysics:Warning: AddConvexElemsToRigidActor: ConvexElem is missing ConvexMesh (2: /Game/VehicleAdvBP/Maps/VehicleAdvExampleMap.VehicleAdvExampleMap:PersistentLevel.Landscape_1.SplineMeshComponent_2655.BodySetup_475)
[2015.11.21-15.43.35:285][428]LogPhysics:Warning: AddConvexElemsToRigidActor: ConvexElem is missing ConvexMesh (3: /Game/VehicleAdvBP/Maps/VehicleAdvExampleMap.VehicleAdvExampleMap:PersistentLevel.Landscape_1.SplineMeshComponent_2655.BodySetup_475)
[2015.11.21-15.43.35:285][428]LogPhysics:Warning: AddConvexElemsToRigidActor: ConvexElem is missing ConvexMesh (0: /Game/VehicleAdvBP/Maps/VehicleAdvExampleMap.VehicleAdvExampleMap:PersistentLevel.Landscape_1.SplineMeshComponent_2656.BodySetup_476)
[2015.11.21-15.43.35:285][428]LogPhysics:Warning: AddConvexElemsToRigidActor: ConvexElem is missing ConvexMesh (1: /Game/VehicleAdvBP/Maps/VehicleAdvExampleMap.VehicleAdvExampleMap:PersistentLevel.Landscape_1.SplineMeshComponent_2656.BodySetup_476)
[2015.11.21-15.43.35:285][428]LogPhysics:Warning: AddConvexElemsToRigidActor: ConvexElem is missing ConvexMesh (2: /Game/VehicleAdvBP/Maps/VehicleAdvExampleMap.VehicleAdvExampleMap:PersistentLevel.Landscape_1.SplineMeshComponent_2656.BodySetup_476)
[2015.11.21-15.43.35:285][428]LogPhysics:Warning: AddConvexElemsToRigidActor: ConvexElem is missing ConvexMesh (3: /Game/VehicleAdvBP/Maps/VehicleAdvExampleMap.VehicleAdvExampleMap:PersistentLevel.Landscape_1.SplineMeshComponent_2656.BodySetup_476)
[2015.11.21-15.43.35:285][428]LogPhysics:Warning: AddConvexElemsToRigidActor: ConvexElem is missing ConvexMesh (0: /Game/VehicleAdvBP/Maps/VehicleAdvExampleMap.VehicleAdvExampleMap:PersistentLevel.Landscape_1.SplineMeshComponent_2657.BodySetup_477)
[2015.11.21-15.43.35:285][428]LogPhysics:Warning: AddConvexElemsToRigidActor: ConvexElem is missing ConvexMesh (1: /Game/VehicleAdvBP/Maps/VehicleAdvExampleMap.VehicleAdvExampleMap:PersistentLevel.Landscape_1.SplineMeshComponent_2657.BodySetup_477)
[2015.11.21-15.43.35:285][428]LogPhysics:Warning: AddConvexElemsToRigidActor: ConvexElem is missing ConvexMesh (2: /Game/VehicleAdvBP/Maps/VehicleAdvExampleMap.VehicleAdvExampleMap:PersistentLevel.Landscape_1.SplineMeshComponent_2657.BodySetup_477)
[2015.11.21-15.43.35:285][428]LogPhysics:Warning: AddConvexElemsToRigidActor: ConvexElem is missing ConvexMesh (3: /Game/VehicleAdvBP/Maps/VehicleAdvExampleMap.VehicleAdvExampleMap:PersistentLevel.Landscape_1.SplineMeshComponent_2657.BodySetup_477)
[2015.11.21-15.43.35:285][428]LogPhysics:Warning: AddConvexElemsToRigidActor: ConvexElem is missing ConvexMesh (0: /Game/VehicleAdvBP/Maps/VehicleAdvExampleMap.VehicleAdvExampleMap:PersistentLevel.Landscape_1.SplineMeshComponent_2658.BodySetup_478)
[2015.11.21-15.43.35:286][428]LogPhysics:Warning: AddConvexElemsToRigidActor: ConvexElem is missing ConvexMesh (1: /Game/VehicleAdvBP/Maps/VehicleAdvExampleMap.VehicleAdvExampleMap:PersistentLevel.Landscape_1.SplineMeshComponent_2658.BodySetup_478)
[2015.11.21-15.43.35:286][428]LogPhysics:Warning: AddConvexElemsToRigidActor: ConvexElem is missing ConvexMesh (2: /Game/VehicleAdvBP/Maps/VehicleAdvExampleMap.VehicleAdvExampleMap:PersistentLevel.Landscape_1.SplineMeshComponent_2658.BodySetup_478)
[2015.11.21-15.43.35:286][428]LogPhysics:Warning: AddConvexElemsToRigidActor: ConvexElem is missing ConvexMesh (3: /Game/VehicleAdvBP/Maps/VehicleAdvExampleMap.VehicleAdvExampleMap:PersistentLevel.Landscape_1.SplineMeshComponent_2658.BodySetup_478)
[2015.11.21-15.43.35:286][428]LogPhysics:Warning: AddConvexElemsToRigidActor: ConvexElem is missing ConvexMesh (0: /Game/VehicleAdvBP/Maps/VehicleAdvExampleMap.VehicleAdvExampleMap:PersistentLevel.Landscape_1.SplineMeshComponent_2659.BodySetup_479)
[2015.11.21-15.43.35:286][428]LogPhysics:Warning: AddConvexElemsToRigidActor: ConvexElem is missing ConvexMesh (1: /Game/VehicleAdvBP/Maps/VehicleAdvExampleMap.VehicleAdvExampleMap:PersistentLevel.Landscape_1.SplineMeshComponent_2659.BodySetup_479)
[2015.11.21-15.43.35:286][428]LogPhysics:Warning: AddConvexElemsToRigidActor: ConvexElem is missing ConvexMesh (2: /Game/VehicleAdvBP/Maps/VehicleAdvExampleMap.VehicleAdvExampleMap:PersistentLevel.Landscape_1.SplineMeshComponent_2659.BodySetup_479)
[2015.11.21-15.43.35:286][428]LogPhysics:Warning: AddConvexElemsToRigidActor: ConvexElem is missing ConvexMesh (3: /Game/VehicleAdvBP/Maps/VehicleAdvExampleMap.VehicleAdvExampleMap:PersistentLevel.Landscape_1.SplineMeshComponent_2659.BodySetup_479)
[2015.11.21-15.43.35:286][428]LogPhysics:Warning: AddConvexElemsToRigidActor: ConvexElem is missing ConvexMesh (0: /Game/VehicleAdvBP/Maps/VehicleAdvExampleMap.VehicleAdvExampleMap:PersistentLevel.Landscape_1.SplineMeshComponent_2